{"name":"BootstrapDropdown with dynamic selection","status":"broken","statusDetails":{"known":false,"muted":false,"flaky":false,"message":"Expected condition failed: waiting for presence of element located by: By.xpath: //*[@class=\"drp1\"]//div[@class=\"dropdown\"]/ul (tried for 30 second(s) with 200 milliseconds interval)","trace":"org.openqa.selenium.TimeoutException: Expected condition failed: waiting for presence of element located by: By.xpath: //*[@class=\"drp1\"]//div[@class=\"dropdown\"]/ul (tried for 30 second(s) with 200 milliseconds interval)\n\tat org.openqa.selenium.support.ui.FluentWait.timeoutException(FluentWait.java:304)\n\tat org.openqa.selenium.support.ui.FluentWait.until(FluentWait.java:272)\n\tat pages.BasePage.findElement(BasePage.java:33)\n\tat pages.HdfcBankPage._captureAllItems(HdfcBankPage.java:32)\n\tat pages.HdfcBankPage.selectProductType(HdfcBankPage.java:20)\n\tat tests.HdfcBankTest.bootstrapDropdownWithDynamicSelection(HdfcBankTest.java:18)\n\tat sun.reflect.NativeMethodAccessorImpl.invoke0(Native Method)\n\tat sun.reflect.NativeMethodAccessorImpl.invoke(NativeMethodAccessorImpl.java:62)\n\tat sun.reflect.DelegatingMethodAccessorImpl.invoke(DelegatingMethodAccessorImpl.java:43)\n\tat java.lang.reflect.Method.invoke(Method.java:498)\n\tat org.testng.internal.MethodInvocationHelper.invokeMethod(MethodInvocationHelper.java:132)\n\tat org.testng.internal.TestInvoker.invokeMethod(TestInvoker.java:599)\n\tat org.testng.internal.TestInvoker.invokeTestMethod(TestInvoker.java:174)\n\tat org.testng.internal.MethodRunner.runInSequence(MethodRunner.java:46)\n\tat org.testng.internal.TestInvoker$MethodInvocationAgent.invoke(TestInvoker.java:822)\n\tat org.testng.internal.TestInvoker.invokeTestMethods(TestInvoker.java:147)\n\tat org.testng.internal.TestMethodWorker.invokeTestMethods(TestMethodWorker.java:146)\n\tat org.testng.internal.TestMethodWorker.run(TestMethodWorker.java:128)\n\tat java.util.concurrent.ThreadPoolExecutor.runWorker(ThreadPoolExecutor.java:1149)\n\tat java.util.concurrent.ThreadPoolExecutor$Worker.run(ThreadPoolExecutor.java:624)\n\tat java.lang.Thread.run(Thread.java:750)\nCaused by: org.openqa.selenium.NoSuchElementException: Unable to locate element: //*[@class=\"drp1\"]//div[@class=\"dropdown\"]/ul\nFor documentation on this error, please visit: https://www.seleniumhq.org/exceptions/no_such_element.html\nBuild info: version: '3.141.59', revision: 'e82be7d358', time: '2018-11-14T08:17:03'\nSystem info: host: 'abdulrahmansmbp', ip: 'fe80:0:0:0:ca2:3930:375c:7a7%en0', os.name: 'Mac OS X', os.arch: 'x86_64', os.version: '12.2.1', java.version: '1.8.0_333'\nDriver info: org.openqa.selenium.remote.RemoteWebDriver\nCapabilities {acceptInsecureCerts: true, browserName: firefox, browserVersion: 99.0, firefox_profile: UEsDBBQACAgIAMBJWFUAAAAAAAA..., javascriptEnabled: true, moz:accessibilityChecks: false, moz:buildID: 20220330194208, moz:firefoxOptions: {args: [], profile: UEsDBBQACAgIAMBJWFUAAAAAAAA...}, moz:geckodriverVersion: 0.30.0, moz:headless: false, moz:processID: 9906, moz:profile: /tmp/rust_mozprofileoSF2uu, moz:shutdownTimeout: 60000, moz:useNonSpecCompliantPointerOrigin: false, moz:webdriverClick: true, pageLoadStrategy: normal, platform: LINUX, platformName: LINUX, platformVersion: 5.10.104-linuxkit, proxy: Proxy(), se:cdp: ws://172.17.0.2:4444/sessio..., se:noVncPort: 7900, se:vnc: ws://172.17.0.2:4444/sessio..., se:vncEnabled: true, se:vncLocalAddress: ws://172.17.0.2:7900, setWindowRect: true, strictFileInteractability: false, timeouts: {implicit: 0, pageLoad: 300000, script: 30000}, unhandledPromptBehavior: dismiss and notify}\nSession ID: 774a4ce2-ff24-4a96-8fb5-b0d1e3362eaa\n*** Element info: {Using=xpath, value=//*[@class=\"drp1\"]//div[@class=\"dropdown\"]/ul}\n\tat sun.reflect.GeneratedConstructorAccessor17.newInstance(Unknown Source)\n\tat sun.reflect.DelegatingConstructorAccessorImpl.newInstance(DelegatingConstructorAccessorImpl.java:45)\n\tat java.lang.reflect.Constructor.newInstance(Constructor.java:423)\n\tat org.openqa.selenium.remote.http.W3CHttpResponseCodec.createException(W3CHttpResponseCodec.java:187)\n\tat org.openqa.selenium.remote.http.W3CHttpResponseCodec.decode(W3CHttpResponseCodec.java:122)\n\tat org.openqa.selenium.remote.http.W3CHttpResponseCodec.decode(W3CHttpResponseCodec.java:49)\n\tat org.openqa.selenium.remote.HttpCommandExecutor.execute(HttpCommandExecutor.java:158)\n\tat org.openqa.selenium.remote.RemoteWebDriver.execute(RemoteWebDriver.java:552)\n\tat org.openqa.selenium.remote.RemoteWebDriver.findElement(RemoteWebDriver.java:323)\n\tat org.openqa.selenium.remote.RemoteWebDriver.findElementByXPath(RemoteWebDriver.java:428)\n\tat org.openqa.selenium.By$ByXPath.findElement(By.java:353)\n\tat org.openqa.selenium.remote.RemoteWebDriver.findElement(RemoteWebDriver.java:315)\n\tat org.openqa.selenium.support.ui.ExpectedConditions$6.apply(ExpectedConditions.java:182)\n\tat org.openqa.selenium.support.ui.ExpectedConditions$6.apply(ExpectedConditions.java:179)\n\tat org.openqa.selenium.support.ui.FluentWait.until(FluentWait.java:249)\n\t... 19 more\n"},"stage":"finished","steps":[],"attachments":[],"parameters":[{"name":"browser","value":"firefox"}],"start":1666595643660,"stop":1666595681244,"uuid":"c6311a99-bfc1-4f9e-ac75-cf434144d742","historyId":"2ddcb9bcf089612dc77b80f3c14507ac","fullName":"tests.HdfcBankTest.bootstrapDropdownWithDynamicSelection","labels":[{"name":"package","value":"tests.HdfcBankTest"},{"name":"testClass","value":"tests.HdfcBankTest"},{"name":"testMethod","value":"bootstrapDropdownWithDynamicSelection"},{"name":"parentSuite","value":"InstaBugWebTest"},{"name":"suite","value":"Instabug Tests Firefox"},{"name":"subSuite","value":"tests.HdfcBankTest"},{"name":"host","value":"abdulrahmansmbp"},{"name":"thread","value":"10188@abdulrahmansmbp.TestNG-test=Instabug Tests Firefox-2(12)"},{"name":"framework","value":"testng"},{"name":"language","value":"java"}],"links":[]}