{"uid":"44ff8b6460ac3259","name":"Verify the user is redirected to the w3school page when clicking on the link","fullName":"tests.GoogleSearchTest.verifyUserDirectionAfterClickingOnLink","historyId":"fd65130e66ad1400e8fd44df01b4e9c4","time":{"start":1672019564505,"stop":1672019567921,"duration":3416},"status":"failed","statusMessage":"expected:<https://www.google.com/search?q=java+tutorial&hl=en&source=hp&ei=bP6oY9mXJN6lqtsPsrKu8Ag&iflsig=AJiK0e8AAAAAY6kMfIzG6-1zGyVmC8mCSW18Gp5c7FTX&ved=0ahUKEwjZ_dGhlpb8AhXekmoFHTKZC44Q4dUDCAk&uact=5&oq=java+tutorial&gs_lcp=Cgdnd3Mtd2l6EANQAFg4YERoAHAAeACAAQCIAQCSAQCYAQCgAQE&sclient=gws-wiz> but was:<https://www.w3schools.com/java/default.asp>","statusTrace":"java.lang.AssertionError: expected:<https://www.google.com/search?q=java+tutorial&hl=en&source=hp&ei=bP6oY9mXJN6lqtsPsrKu8Ag&iflsig=AJiK0e8AAAAAY6kMfIzG6-1zGyVmC8mCSW18Gp5c7FTX&ved=0ahUKEwjZ_dGhlpb8AhXekmoFHTKZC44Q4dUDCAk&uact=5&oq=java+tutorial&gs_lcp=Cgdnd3Mtd2l6EANQAFg4YERoAHAAeACAAQCIAQCSAQCYAQCgAQE&sclient=gws-wiz> but was:<https://www.w3schools.com/java/default.asp>\n\tat org.testng.AssertJUnit.assertEquals(AssertJUnit.java:115)\n\tat org.testng.AssertJUnit.assertEquals(AssertJUnit.java:125)\n\tat tests.GoogleSearchTest.verifyUserDirectionAfterClickingOnLink(GoogleSearchTest.java:27)\n\tat java.base/jdk.internal.reflect.NativeMethodAccessorImpl.invoke0(Native Method)\n\tat java.base/jdk.internal.reflect.NativeMethodAccessorImpl.invoke(NativeMethodAccessorImpl.java:77)\n\tat java.base/jdk.internal.reflect.DelegatingMethodAccessorImpl.invoke(DelegatingMethodAccessorImpl.java:43)\n\tat java.base/java.lang.reflect.Method.invoke(Method.java:568)\n\tat org.testng.internal.MethodInvocationHelper.invokeMethod(MethodInvocationHelper.java:132)\n\tat org.testng.internal.TestInvoker.invokeMethod(TestInvoker.java:599)\n\tat org.testng.internal.TestInvoker.invokeTestMethod(TestInvoker.java:174)\n\tat org.testng.internal.MethodRunner.runInSequence(MethodRunner.java:46)\n\tat org.testng.internal.TestInvoker$MethodInvocationAgent.invoke(TestInvoker.java:822)\n\tat org.testng.internal.TestInvoker.invokeTestMethods(TestInvoker.java:147)\n\tat org.testng.internal.TestMethodWorker.invokeTestMethods(TestMethodWorker.java:146)\n\tat org.testng.internal.TestMethodWorker.run(TestMethodWorker.java:128)\n\tat java.base/java.util.ArrayList.forEach(ArrayList.java:1511)\n\tat org.testng.TestRunner.privateRun(TestRunner.java:764)\n\tat org.testng.TestRunner.run(TestRunner.java:585)\n\tat org.testng.SuiteRunner.runTest(SuiteRunner.java:384)\n\tat org.testng.SuiteRunner.runSequentially(SuiteRunner.java:378)\n\tat org.testng.SuiteRunner.privateRun(SuiteRunner.java:337)\n\tat org.testng.SuiteRunner.run(SuiteRunner.java:286)\n\tat org.testng.SuiteRunnerWorker.runSuite(SuiteRunnerWorker.java:53)\n\tat org.testng.SuiteRunnerWorker.run(SuiteRunnerWorker.java:96)\n\tat org.testng.TestNG.runSuitesSequentially(TestNG.java:1218)\n\tat org.testng.TestNG.runSuitesLocally(TestNG.java:1140)\n\tat org.testng.TestNG.runSuites(TestNG.java:1069)\n\tat org.testng.TestNG.run(TestNG.java:1037)\n\tat org.apache.maven.surefire.testng.TestNGExecutor.run(TestNGExecutor.java:136)\n\tat org.apache.maven.surefire.testng.TestNGDirectoryTestSuite.executeMulti(TestNGDirectoryTestSuite.java:193)\n\tat org.apache.maven.surefire.testng.TestNGDirectoryTestSuite.execute(TestNGDirectoryTestSuite.java:94)\n\tat org.apache.maven.surefire.testng.TestNGProvider.invoke(TestNGProvider.java:145)\n\tat org.apache.maven.surefire.booter.ForkedBooter.runSuitesInProcess(ForkedBooter.java:428)\n\tat org.apache.maven.surefire.booter.ForkedBooter.execute(ForkedBooter.java:162)\n\tat org.apache.maven.surefire.booter.ForkedBooter.run(ForkedBooter.java:562)\n\tat org.apache.maven.surefire.booter.ForkedBooter.main(ForkedBooter.java:548)\n","flaky":false,"newFailed":false,"newBroken":false,"newPassed":false,"retriesCount":0,"retriesStatusChange":false,"beforeStages":[{"name":"initialize the web drive","time":{"start":1672019562502,"stop":1672019564496,"duration":1994},"description":"initialize the web drive","status":"passed","steps":[],"attachments":[],"parameters":[],"stepsCount":0,"attachmentsCount":0,"shouldDisplayMessage":false,"hasContent":false}],"testStage":{"status":"failed","statusMessage":"expected:<https://www.google.com/search?q=java+tutorial&hl=en&source=hp&ei=bP6oY9mXJN6lqtsPsrKu8Ag&iflsig=AJiK0e8AAAAAY6kMfIzG6-1zGyVmC8mCSW18Gp5c7FTX&ved=0ahUKEwjZ_dGhlpb8AhXekmoFHTKZC44Q4dUDCAk&uact=5&oq=java+tutorial&gs_lcp=Cgdnd3Mtd2l6EANQAFg4YERoAHAAeACAAQCIAQCSAQCYAQCgAQE&sclient=gws-wiz> but was:<https://www.w3schools.com/java/default.asp>","statusTrace":"java.lang.AssertionError: expected:<https://www.google.com/search?q=java+tutorial&hl=en&source=hp&ei=bP6oY9mXJN6lqtsPsrKu8Ag&iflsig=AJiK0e8AAAAAY6kMfIzG6-1zGyVmC8mCSW18Gp5c7FTX&ved=0ahUKEwjZ_dGhlpb8AhXekmoFHTKZC44Q4dUDCAk&uact=5&oq=java+tutorial&gs_lcp=Cgdnd3Mtd2l6EANQAFg4YERoAHAAeACAAQCIAQCSAQCYAQCgAQE&sclient=gws-wiz> but was:<https://www.w3schools.com/java/default.asp>\n\tat org.testng.AssertJUnit.assertEquals(AssertJUnit.java:115)\n\tat org.testng.AssertJUnit.assertEquals(AssertJUnit.java:125)\n\tat tests.GoogleSearchTest.verifyUserDirectionAfterClickingOnLink(GoogleSearchTest.java:27)\n\tat java.base/jdk.internal.reflect.NativeMethodAccessorImpl.invoke0(Native Method)\n\tat java.base/jdk.internal.reflect.NativeMethodAccessorImpl.invoke(NativeMethodAccessorImpl.java:77)\n\tat java.base/jdk.internal.reflect.DelegatingMethodAccessorImpl.invoke(DelegatingMethodAccessorImpl.java:43)\n\tat java.base/java.lang.reflect.Method.invoke(Method.java:568)\n\tat org.testng.internal.MethodInvocationHelper.invokeMethod(MethodInvocationHelper.java:132)\n\tat org.testng.internal.TestInvoker.invokeMethod(TestInvoker.java:599)\n\tat org.testng.internal.TestInvoker.invokeTestMethod(TestInvoker.java:174)\n\tat org.testng.internal.MethodRunner.runInSequence(MethodRunner.java:46)\n\tat org.testng.internal.TestInvoker$MethodInvocationAgent.invoke(TestInvoker.java:822)\n\tat org.testng.internal.TestInvoker.invokeTestMethods(TestInvoker.java:147)\n\tat org.testng.internal.TestMethodWorker.invokeTestMethods(TestMethodWorker.java:146)\n\tat org.testng.internal.TestMethodWorker.run(TestMethodWorker.java:128)\n\tat java.base/java.util.ArrayList.forEach(ArrayList.java:1511)\n\tat org.testng.TestRunner.privateRun(TestRunner.java:764)\n\tat org.testng.TestRunner.run(TestRunner.java:585)\n\tat org.testng.SuiteRunner.runTest(SuiteRunner.java:384)\n\tat org.testng.SuiteRunner.runSequentially(SuiteRunner.java:378)\n\tat org.testng.SuiteRunner.privateRun(SuiteRunner.java:337)\n\tat org.testng.SuiteRunner.run(SuiteRunner.java:286)\n\tat org.testng.SuiteRunnerWorker.runSuite(SuiteRunnerWorker.java:53)\n\tat org.testng.SuiteRunnerWorker.run(SuiteRunnerWorker.java:96)\n\tat org.testng.TestNG.runSuitesSequentially(TestNG.java:1218)\n\tat org.testng.TestNG.runSuitesLocally(TestNG.java:1140)\n\tat org.testng.TestNG.runSuites(TestNG.java:1069)\n\tat org.testng.TestNG.run(TestNG.java:1037)\n\tat org.apache.maven.surefire.testng.TestNGExecutor.run(TestNGExecutor.java:136)\n\tat org.apache.maven.surefire.testng.TestNGDirectoryTestSuite.executeMulti(TestNGDirectoryTestSuite.java:193)\n\tat org.apache.maven.surefire.testng.TestNGDirectoryTestSuite.execute(TestNGDirectoryTestSuite.java:94)\n\tat org.apache.maven.surefire.testng.TestNGProvider.invoke(TestNGProvider.java:145)\n\tat org.apache.maven.surefire.booter.ForkedBooter.runSuitesInProcess(ForkedBooter.java:428)\n\tat org.apache.maven.surefire.booter.ForkedBooter.execute(ForkedBooter.java:162)\n\tat org.apache.maven.surefire.booter.ForkedBooter.run(ForkedBooter.java:562)\n\tat org.apache.maven.surefire.booter.ForkedBooter.main(ForkedBooter.java:548)\n","steps":[{"name":"Enter the search keyword","time":{"start":1672019566022,"stop":1672019566235,"duration":213},"status":"passed","steps":[],"attachments":[],"parameters":[{"name":"keyword","value":"java tutorial"}],"stepsCount":0,"attachmentsCount":0,"shouldDisplayMessage":false,"hasContent":true},{"name":"Click on the link contains","time":{"start":1672019566980,"stop":1672019567382,"duration":402},"status":"passed","steps":[],"attachments":[],"parameters":[{"name":"textLink","value":"w3schools"}],"stepsCount":0,"attachmentsCount":0,"shouldDisplayMessage":false,"hasContent":true}],"attachments":[{"uid":"4f32cb715c9b3c37","name":"Screenshot","source":"4f32cb715c9b3c37.png","type":"image/png","size":190811},{"uid":"46b10daa1dc7461f","name":"verifyUserDirectionAfterClickingOnLink failed and screenshot taken.","source":"46b10daa1dc7461f.txt","type":"text/plain","size":67}],"parameters":[],"stepsCount":2,"attachmentsCount":2,"shouldDisplayMessage":true,"hasContent":true},"afterStages":[{"name":"close the web drive","time":{"start":1672019567931,"stop":1672019568637,"duration":706},"description":"close the web drive","status":"passed","steps":[],"attachments":[],"parameters":[],"stepsCount":0,"attachmentsCount":0,"shouldDisplayMessage":false,"hasContent":false}],"labels":[{"name":"package","value":"tests.GoogleSearchTest"},{"name":"testClass","value":"tests.GoogleSearchTest"},{"name":"testMethod","value":"verifyUserDirectionAfterClickingOnLink"},{"name":"parentSuite","value":"Surefire suite"},{"name":"suite","value":"Surefire test"},{"name":"subSuite","value":"tests.GoogleSearchTest"},{"name":"host","value":"fv-az280-418"},{"name":"thread","value":"3444@fv-az280-418.main(1)"},{"name":"framework","value":"testng"},{"name":"language","value":"java"},{"name":"resultFormat","value":"allure2"}],"parameters":[],"links":[],"hidden":false,"retry":false,"extra":{"severity":"normal","retries":[],"categories":[{"name":"Product defects","matchedStatuses":[],"flaky":false}],"tags":[]},"source":"44ff8b6460ac3259.json","parameterValues":[]}